
> web@0.0.1 build
> next build

▲ Next.js 16.1.1 (Turbopack)

  Creating an optimized production build ...

> Build error occurred
Error: Turbopack build failed with 5 errors:
./apps/web/src/components/providers/ClientProviders.tsx:2:10
Ecmascript file had an error
[0m [90m 1 |[39m [36mimport[39m { [33mQueryClient[39m[33m,[39m [33mQueryClientProvider[39m } [36mfrom[39m [32m"@tanstack/react-query"[39m[33m;[39m
[31m[1m>[22m[39m[90m 2 |[39m [36mimport[39m { useState } [36mfrom[39m [32m"react"[39m[33m;[39m
 [90m   |[39m          [31m[1m^[22m[39m[31m[1m^[22m[39m[31m[1m^[22m[39m[31m[1m^[22m[39m[31m[1m^[22m[39m[31m[1m^[22m[39m[31m[1m^[22m[39m[31m[1m^[22m[39m
 [90m 3 |[39m [36mimport[39m [33mCartDrawer[39m [36mfrom[39m [32m"@/components/storefront/CartDrawer"[39m[33m;[39m
 [90m 4 |[39m [36mimport[39m { useCartDrawerStore } [36mfrom[39m [32m"@/lib/cart-drawer-store"[39m[33m;[39m
 [90m 5 |[39m[0m

You're importing a component that needs `useState`. This React Hook only works in a Client Component. To fix, mark the file (or its parent) with the `"use client"` directive.

 Learn more: https://nextjs.org/docs/app/api-reference/directives/use-client



Import trace:
  Server Component:
    ./apps/web/src/components/providers/ClientProviders.tsx
    ./apps/web/src/app/layout.tsx


./apps/web/src/components/admin/staff/AddStaffModal.tsx:10:1
Module not found: Can't resolve '@/components/ui/form'
[0m [90m  8 |[39m [36mimport[39m { [33mButton[39m } [36mfrom[39m [32m"@/components/ui/button"[39m[33m;[39m
 [90m  9 |[39m [36mimport[39m { [33mInput[39m } [36mfrom[39m [32m"@/components/ui/input"[39m[33m;[39m
[31m[1m>[22m[39m[90m 10 |[39m [36mimport[39m { [33mForm[39m[33m,[39m [33mFormControl[39m[33m,[39m [33mFormField[39m[33m,[39m [33mFormItem[39m[33m,[39m [33mFormLabel[39m[33m,[39m [33mFormMessage[39m } [36mfrom[39m [32m"@/components/ui/form"[39m[33m;[39m
 [90m    |[39m [31m[1m^[22m[39m[31m[1m^[22m[39m[31m[1m^[22m[39m[31m[1m^[22m[39m[31m[1m^[22m[39m[31m[1m^[22m[39m[31m[1m^[22m[39m[31m[1m^[22m[39m[31m[1m^[22m[39m[31m[1m^[22m[39m[31m[1m^[22m[39m[31m[1m^[22m[39m[31m[1m^[22m[39m[31m[1m^[22m[39m[31m[1m^[22m[39m[31m[1m^[22m[39m[31m[1m^[22m[39m[31m[1m^[22m[39m[31m[1m^[22m[39m[31m[1m^[22m[39m[31m[1m^[22m[39m[31m[1m^[22m[39m[31m[1m^[22m[39m[31m[1m^[22m[39m[31m[1m^[22m[39m[31m[1m^[22m[39m[31m[1m^[22m[39m[31m[1m^[22m[39m[31m[1m^[22m[39m[31m[1m^[22m[39m[31m[1m^[22m[39m[31m[1m^[22m[39m[31m[1m^[22m[39m[31m[1m^[22m[39m[31m[1m^[22m[39m[31m[1m^[22m[39m[31m[1m^[22m[39m[31m[1m^[22m[39m[31m[1m^[22m[39m[31m[1m^[22m[39m[31m[1m^[22m[39m[31m[1m^[22m[39m[31m[1m^[22m[39m[31m[1m^[22m[39m[31m[1m^[22m[39m[31m[1m^[22m[39m[31m[1m^[22m[39m[31m[1m^[22m[39m[31m[1m^[22m[39m[31m[1m^[22m[39m[31m[1m^[22m[39m[31m[1m^[22m[39m[31m[1m^[22m[39m[31m[1m^[22m[39m[31m[1m^[22m[39m[31m[1m^[22m[39m[31m[1m^[22m[39m[31m[1m^[22m[39m[31m[1m^[22m[39m[31m[1m^[22m[39m[31m[1m^[22m[39m[31m[1m^[22m[39m[31m[1m^[22m[39m[31m[1m^[22m[39m[31m[1m^[22m[39m[31m[1m^[22m[39m[31m[1m^[22m[39m[31m[1m^[22m[39m[31m[1m^[22m[39m[31m[1m^[22m[39m[31m[1m^[22m[39m[31m[1m^[22m[39m[31m[1m^[22m[39m[31m[1m^[22m[39m[31m[1m^[22m[39m[31m[1m^[22m[39m[31m[1m^[22m[39m[31m[1m^[22m[39m[31m[1m^[22m[39m[31m[1m^[22m[39m[31m[1m^[22m[39m[31m[1m^[22m[39m[31m[1m^[22m[39m[31m[1m^[22m[39m[31m[1m^[22m[39m[31m[1m^[22m[39m[31m[1m^[22m[39m[31m[1m^[22m[39m[31m[1m^[22m[39m[31m[1m^[22m[39m[31m[1m^[22m[39m[31m[1m^[22m[39m[31m[1m^[22m[39m[31m[1m^[22m[39m[31m[1m^[22m[39m[31m[1m^[22m[39m[31m[1m^[22m[39m[31m[1m^[22m[39m[31m[1m^[22m[39m[31m[1m^[22m[39m[31m[1m^[22m[39m[31m[1m^[22m[39m
 [90m 11 |[39m [36mimport[39m { [33mSelect[39m[33m,[39m [33mSelectContent[39m[33m,[39m [33mSelectItem[39m[33m,[39m [33mSelectTrigger[39m[33m,[39m [33mSelectValue[39m } [36mfrom[39m [32m"@/components/ui/select"[39m[33m;[39m
 [90m 12 |[39m [36mimport[39m { useEffect } [36mfrom[39m [32m"react"[39m[33m;[39m
 [90m 13 |[39m[0m

Import map: aliased to relative './src/components/ui/form' inside of [project]/apps/web


Import traces:
  Client Component Browser:
    ./apps/web/src/components/admin/staff/AddStaffModal.tsx [Client Component Browser]
    ./apps/web/src/app/admin/staff/page.tsx [Client Component Browser]
    ./apps/web/src/app/admin/staff/page.tsx [Server Component]

  Client Component SSR:
    ./apps/web/src/components/admin/staff/AddStaffModal.tsx [Client Component SSR]
    ./apps/web/src/app/admin/staff/page.tsx [Client Component SSR]
    ./apps/web/src/app/admin/staff/page.tsx [Server Component]

https://nextjs.org/docs/messages/module-not-found


./apps/web/src/components/admin/staff/AddStaffModal.tsx:11:1
Module not found: Can't resolve '@/components/ui/select'
[0m [90m  9 |[39m [36mimport[39m { [33mInput[39m } [36mfrom[39m [32m"@/components/ui/input"[39m[33m;[39m
 [90m 10 |[39m [36mimport[39m { [33mForm[39m[33m,[39m [33mFormControl[39m[33m,[39m [33mFormField[39m[33m,[39m [33mFormItem[39m[33m,[39m [33mFormLabel[39m[33m,[39m [33mFormMessage[39m } [36mfrom[39m [32m"@/components/ui/form"[39m[33m;[39m
[31m[1m>[22m[39m[90m 11 |[39m [36mimport[39m { [33mSelect[39m[33m,[39m [33mSelectContent[39m[33m,[39m [33mSelectItem[39m[33m,[39m [33mSelectTrigger[39m[33m,[39m [33mSelectValue[39m } [36mfrom[39m [32m"@/components/ui/select"[39m[33m;[39m
 [90m    |[39m [31m[1m^[22m[39m[31m[1m^[22m[39m[31m[1m^[22m[39m[31m[1m^[22m[39m[31m[1m^[22m[39m[31m[1m^[22m[39m[31m[1m^[22m[39m[31m[1m^[22m[39m[31m[1m^[22m[39m[31m[1m^[22m[39m[31m[1m^[22m[39m[31m[1m^[22m[39m[31m[1m^[22m[39m[31m[1m^[22m[39m[31m[1m^[22m[39m[31m[1m^[22m[39m[31m[1m^[22m[39m[31m[1m^[22m[39m[31m[1m^[22m[39m[31m[1m^[22m[39m[31m[1m^[22m[39m[31m[1m^[22m[39m[31m[1m^[22m[39m[31m[1m^[22m[39m[31m[1m^[22m[39m[31m[1m^[22m[39m[31m[1m^[22m[39m[31m[1m^[22m[39m[31m[1m^[22m[39m[31m[1m^[22m[39m[31m[1m^[22m[39m[31m[1m^[22m[39m[31m[1m^[22m[39m[31m[1m^[22m[39m[31m[1m^[22m[39m[31m[1m^[22m[39m[31m[1m^[22m[39m[31m[1m^[22m[39m[31m[1m^[22m[39m[31m[1m^[22m[39m[31m[1m^[22m[39m[31m[1m^[22m[39m[31m[1m^[22m[39m[31m[1m^[22m[39m[31m[1m^[22m[39m[31m[1m^[22m[39m[31m[1m^[22m[39m[31m[1m^[22m[39m[31m[1m^[22m[39m[31m[1m^[22m[39m[31m[1m^[22m[39m[31m[1m^[22m[39m[31m[1m^[22m[39m[31m[1m^[22m[39m[31m[1m^[22m[39m[31m[1m^[22m[39m[31m[1m^[22m[39m[31m[1m^[22m[39m[31m[1m^[22m[39m[31m[1m^[22m[39m[31m[1m^[22m[39m[31m[1m^[22m[39m[31m[1m^[22m[39m[31m[1m^[22m[39m[31m[1m^[22m[39m[31m[1m^[22m[39m[31m[1m^[22m[39m[31m[1m^[22m[39m[31m[1m^[22m[39m[31m[1m^[22m[39m[31m[1m^[22m[39m[31m[1m^[22m[39m[31m[1m^[22m[39m[31m[1m^[22m[39m[31m[1m^[22m[39m[31m[1m^[22m[39m[31m[1m^[22m[39m[31m[1m^[22m[39m[31m[1m^[22m[39m[31m[1m^[22m[39m[31m[1m^[22m[39m[31m[1m^[22m[39m[31m[1m^[22m[39m[31m[1m^[22m[39m[31m[1m^[22m[39m[31m[1m^[22m[39m[31m[1m^[22m[39m[31m[1m^[22m[39m[31m[1m^[22m[39m[31m[1m^[22m[39m[31m[1m^[22m[39m[31m[1m^[22m[39m[31m[1m^[22m[39m[31m[1m^[22m[39m[31m[1m^[22m[39m[31m[1m^[22m[39m[31m[1m^[22m[39m[31m[1m^[22m[39m[31m[1m^[22m[39m[31m[1m^[22m[39m[31m[1m^[22m[39m[31m[1m^[22m[39m[31m[1m^[22m[39m
 [90m 12 |[39m [36mimport[39m { useEffect } [36mfrom[39m [32m"react"[39m[33m;[39m
 [90m 13 |[39m
 [90m 14 |[39m [36minterface[39m [33mAddStaffModalProps[39m {[0m

Import map: aliased to relative './src/components/ui/select' inside of [project]/apps/web


Import traces:
  Client Component Browser:
    ./apps/web/src/components/admin/staff/AddStaffModal.tsx [Client Component Browser]
    ./apps/web/src/app/admin/staff/page.tsx [Client Component Browser]
    ./apps/web/src/app/admin/staff/page.tsx [Server Component]

  Client Component SSR:
    ./apps/web/src/components/admin/staff/AddStaffModal.tsx [Client Component SSR]
    ./apps/web/src/app/admin/staff/page.tsx [Client Component SSR]
    ./apps/web/src/app/admin/staff/page.tsx [Server Component]

https://nextjs.org/docs/messages/module-not-found


./apps/web/src/components/admin/staff/AddStaffModal.tsx:4:1
Module not found: Can't resolve '@hookform/resolvers/zod'
[0m [90m 2 |[39m
 [90m 3 |[39m [36mimport[39m { useForm } [36mfrom[39m [32m"react-hook-form"[39m[33m;[39m
[31m[1m>[22m[39m[90m 4 |[39m [36mimport[39m { zodResolver } [36mfrom[39m [32m"@hookform/resolvers/zod"[39m[33m;[39m
 [90m   |[39m [31m[1m^[22m[39m[31m[1m^[22m[39m[31m[1m^[22m[39m[31m[1m^[22m[39m[31m[1m^[22m[39m[31m[1m^[22m[39m[31m[1m^[22m[39m[31m[1m^[22m[39m[31m[1m^[22m[39m[31m[1m^[22m[39m[31m[1m^[22m[39m[31m[1m^[22m[39m[31m[1m^[22m[39m[31m[1m^[22m[39m[31m[1m^[22m[39m[31m[1m^[22m[39m[31m[1m^[22m[39m[31m[1m^[22m[39m[31m[1m^[22m[39m[31m[1m^[22m[39m[31m[1m^[22m[39m[31m[1m^[22m[39m[31m[1m^[22m[39m[31m[1m^[22m[39m[31m[1m^[22m[39m[31m[1m^[22m[39m[31m[1m^[22m[39m[31m[1m^[22m[39m[31m[1m^[22m[39m[31m[1m^[22m[39m[31m[1m^[22m[39m[31m[1m^[22m[39m[31m[1m^[22m[39m[31m[1m^[22m[39m[31m[1m^[22m[39m[31m[1m^[22m[39m[31m[1m^[22m[39m[31m[1m^[22m[39m[31m[1m^[22m[39m[31m[1m^[22m[39m[31m[1m^[22m[39m[31m[1m^[22m[39m[31m[1m^[22m[39m[31m[1m^[22m[39m[31m[1m^[22m[39m[31m[1m^[22m[39m[31m[1m^[22m[39m[31m[1m^[22m[39m[31m[1m^[22m[39m[31m[1m^[22m[39m[31m[1m^[22m[39m[31m[1m^[22m[39m[31m[1m^[22m[39m[31m[1m^[22m[39m
 [90m 5 |[39m [36mimport[39m { createStaffSchema[33m,[39m [33mStaffFormValues[39m } [36mfrom[39m [32m"@/schemas/staff.schema"[39m[33m;[39m
 [90m 6 |[39m [36mimport[39m { useStaff } [36mfrom[39m [32m"@/hooks/use-staff"[39m[33m;[39m
 [90m 7 |[39m [36mimport[39m { [33mDialog[39m[33m,[39m [33mDialogContent[39m[33m,[39m [33mDialogDescription[39m[33m,[39m [33mDialogHeader[39m[33m,[39m [33mDialogTitle[39m } [36mfrom[39m [32m"@/components/ui/dialog"[39m[33m;[39m[0m



Import traces:
  Client Component Browser:
    ./apps/web/src/components/admin/staff/AddStaffModal.tsx [Client Component Browser]
    ./apps/web/src/app/admin/staff/page.tsx [Client Component Browser]
    ./apps/web/src/app/admin/staff/page.tsx [Server Component]

  Client Component SSR:
    ./apps/web/src/components/admin/staff/AddStaffModal.tsx [Client Component SSR]
    ./apps/web/src/app/admin/staff/page.tsx [Client Component SSR]
    ./apps/web/src/app/admin/staff/page.tsx [Server Component]

https://nextjs.org/docs/messages/module-not-found


./apps/web/src/components/admin/staff/AddStaffModal.tsx:3:1
Module not found: Can't resolve 'react-hook-form'
[0m [90m 1 |[39m [32m"use client"[39m[33m;[39m
 [90m 2 |[39m
[31m[1m>[22m[39m[90m 3 |[39m [36mimport[39m { useForm } [36mfrom[39m [32m"react-hook-form"[39m[33m;[39m
 [90m   |[39m [31m[1m^[22m[39m[31m[1m^[22m[39m[31m[1m^[22m[39m[31m[1m^[22m[39m[31m[1m^[22m[39m[31m[1m^[22m[39m[31m[1m^[22m[39m[31m[1m^[22m[39m[31m[1m^[22m[39m[31m[1m^[22m[39m[31m[1m^[22m[39m[31m[1m^[22m[39m[31m[1m^[22m[39m[31m[1m^[22m[39m[31m[1m^[22m[39m[31m[1m^[22m[39m[31m[1m^[22m[39m[31m[1m^[22m[39m[31m[1m^[22m[39m[31m[1m^[22m[39m[31m[1m^[22m[39m[31m[1m^[22m[39m[31m[1m^[22m[39m[31m[1m^[22m[39m[31m[1m^[22m[39m[31m[1m^[22m[39m[31m[1m^[22m[39m[31m[1m^[22m[39m[31m[1m^[22m[39m[31m[1m^[22m[39m[31m[1m^[22m[39m[31m[1m^[22m[39m[31m[1m^[22m[39m[31m[1m^[22m[39m[31m[1m^[22m[39m[31m[1m^[22m[39m[31m[1m^[22m[39m[31m[1m^[22m[39m[31m[1m^[22m[39m[31m[1m^[22m[39m[31m[1m^[22m[39m[31m[1m^[22m[39m
 [90m 4 |[39m [36mimport[39m { zodResolver } [36mfrom[39m [32m"@hookform/resolvers/zod"[39m[33m;[39m
 [90m 5 |[39m [36mimport[39m { createStaffSchema[33m,[39m [33mStaffFormValues[39m } [36mfrom[39m [32m"@/schemas/staff.schema"[39m[33m;[39m
 [90m 6 |[39m [36mimport[39m { useStaff } [36mfrom[39m [32m"@/hooks/use-staff"[39m[33m;[39m[0m



Import traces:
  Client Component Browser:
    ./apps/web/src/components/admin/staff/AddStaffModal.tsx [Client Component Browser]
    ./apps/web/src/app/admin/staff/page.tsx [Client Component Browser]
    ./apps/web/src/app/admin/staff/page.tsx [Server Component]

  Client Component SSR:
    ./apps/web/src/components/admin/staff/AddStaffModal.tsx [Client Component SSR]
    ./apps/web/src/app/admin/staff/page.tsx [Client Component SSR]
    ./apps/web/src/app/admin/staff/page.tsx [Server Component]

https://nextjs.org/docs/messages/module-not-found


    at <unknown> (./apps/web/src/components/providers/ClientProviders.tsx:2:10)
    at <unknown> (./apps/web/src/components/admin/staff/AddStaffModal.tsx:10:1)
    at <unknown> (https://nextjs.org/docs/messages/module-not-found)
    at <unknown> (./apps/web/src/components/admin/staff/AddStaffModal.tsx:11:1)
    at <unknown> (https://nextjs.org/docs/messages/module-not-found)
    at <unknown> (./apps/web/src/components/admin/staff/AddStaffModal.tsx:4:1)
    at <unknown> (https://nextjs.org/docs/messages/module-not-found)
    at <unknown> (./apps/web/src/components/admin/staff/AddStaffModal.tsx:3:1)
    at <unknown> (https://nextjs.org/docs/messages/module-not-found)
npm error Lifecycle script `build` failed with error:
npm error code 1
npm error path C:\Users\DELL\Desktop\projects\vibe-coding\my_online_clothes_store\apps\web
npm error workspace web@0.0.1
npm error location C:\Users\DELL\Desktop\projects\vibe-coding\my_online_clothes_store\apps\web
npm error command failed
npm error command C:\WINDOWS\system32\cmd.exe /d /s /c next build
