
> web@0.0.1 build
> next build

▲ Next.js 16.1.1 (Turbopack)

  Creating an optimized production build ...
✓ Compiled successfully in 23.6s
  Running TypeScript ...
  Collecting page data using 7 workers ...
⚠ Using edge runtime on a page currently disables static generation for that page
  Generating static pages using 7 workers (0/38) ...
  Generating static pages using 7 workers (9/38) 
Error occurred prerendering page "/blog". Read more: https://nextjs.org/docs/messages/prerender-error
Error [ApiError]: Network error. Please check your connection.
    at f (C:\Users\DELL\Desktop\projects\vibe-coding\my_online_clothes_store\apps\web\.next\server\chunks\ssr\[root-of-the-server]__1fdcad0a._.js:1:2839)
    at async Object.getAllPublished (C:\Users\DELL\Desktop\projects\vibe-coding\my_online_clothes_store\apps\web\.next\server\chunks\ssr\[root-of-the-server]__1e2c4091._.js:1:5174)
    at async j (C:\Users\DELL\Desktop\projects\vibe-coding\my_online_clothes_store\apps\web\.next\server\chunks\ssr\[root-of-the-server]__1e2c4091._.js:3:1420) {
  status: 0,
  data: undefined,
  digest: '4132085364'
}
Export encountered an error on /blog/page: /blog, exiting the build.
⨯ Next.js build worker exited with code: 1 and signal: null
npm error Lifecycle script `build` failed with error:
npm error code 1
npm error path C:\Users\DELL\Desktop\projects\vibe-coding\my_online_clothes_store\apps\web
npm error workspace web@0.0.1
npm error location C:\Users\DELL\Desktop\projects\vibe-coding\my_online_clothes_store\apps\web
npm error command failed
npm error command C:\WINDOWS\system32\cmd.exe /d /s /c next build
